<?xml version="1.0" encoding="UTF-8"?>
<!-- Generated by org.testng.reporters.JUnitReportReporter -->
<testsuite hostname="DESKTOP-I46GJ42" failures="0" tests="4" name="Day42.NewTest" time="12.725" errors="0" timestamp="2025-08-05T00:34:38 IST" skipped="0">
  <testcase classname="Day42.NewTest" name="openapp" time="6.151"/>
  <testcase classname="Day42.NewTest" name="logo" time="3.056"/>
  <testcase classname="Day42.NewTest" name="login" time="3.229"/>
  <testcase classname="Day42.NewTest" name="close" time="0.289"/>
</testsuite> <!-- Day42.NewTest -->
