<?xml version="1.0" encoding="UTF-8"?>
<!-- Generated by org.testng.reporters.JUnitReportReporter -->
<testsuite hostname="DESKTOP-I46GJ42" failures="0" tests="3" name="Day43.child.Signup" time="0.015" errors="0" timestamp="2025-08-06T02:15:05 IST" skipped="0">
  <testcase classname="Day43.child.Signup" name="SignbyEmail" time="0.008"/>
  <testcase classname="Day43.child.Signup" name="twitter" time="0.003"/>
  <testcase classname="Day43.child.Signup" name="goggle" time="0.004"/>
</testsuite> <!-- Day43.child.Signup -->
