<?xml version="1.0" encoding="UTF-8"?>
<!-- Generated by org.testng.reporters.JUnitReportReporter -->
<testsuite hostname="DESKTOP-I46GJ42" failures="0" tests="2" name="testCases.TC002_LoginTest" time="25.730" errors="0" timestamp="2025-08-31T01:00:00 IST" skipped="0">
  <testcase classname="testCases.TC002_LoginTest" name="verifing_Login" time="11.750"/>
  <testcase classname="testCases.TC002_LoginTest" name="verifing_Login" time="13.980"/>
</testsuite> <!-- testCases.TC002_LoginTest -->
