<?xml version="1.0" encoding="UTF-8"?>
<!-- Generated by org.testng.reporters.JUnitReportReporter -->
<testsuite hostname="DESKTOP-I46GJ42" failures="0" tests="1" name="Day47.LoginTest" time="0.909" errors="0" timestamp="2025-08-08T21:57:32 IST" skipped="0">
  <testcase classname="Day47.LoginTest" name="logintest" time="0.909"/>
</testsuite> <!-- Day47.LoginTest -->
