<?xml version="1.0" encoding="UTF-8"?>
<!-- Generated by org.testng.reporters.JUnitReportReporter -->
<testsuite hostname="DESKTOP-I46GJ42" failures="0" tests="1" name="Day47.LoginTest_Using_pagefactory" time="4.285" errors="0" timestamp="2025-08-08T23:50:29 IST" skipped="0">
  <testcase classname="Day47.LoginTest_Using_pagefactory" name="login" time="4.285"/>
</testsuite> <!-- Day47.LoginTest_Using_pagefactory -->
