<?xml version="1.0" encoding="UTF-8"?>
<!-- Generated by org.testng.reporters.JUnitReportReporter -->
<testsuite hostname="DESKTOP-I46GJ42" failures="0" tests="2" name="Day43.Before_anothation" time="0.073" errors="0" timestamp="2025-08-05T18:57:14 IST" skipped="0">
  <testcase classname="Day43.Before_anothation" name="search" time="0.037"/>
  <testcase classname="Day43.Before_anothation" name="Adv_sreach" time="0.036"/>
</testsuite> <!-- Day43.Before_anothation -->
