<?xml version="1.0" encoding="UTF-8"?>
<!-- Generated by org.testng.reporters.JUnitReportReporter -->
<testsuite hostname="DESKTOP-I46GJ42" failures="0" tests="3" name="Day43.child.LoginTest" time="0.039" errors="0" timestamp="2025-08-06T02:15:05 IST" skipped="0">
  <testcase classname="Day43.child.LoginTest" name="Email" time="0.031"/>
  <testcase classname="Day43.child.LoginTest" name="Pin" time="0.004"/>
  <testcase classname="Day43.child.LoginTest" name="Facebook" time="0.004"/>
</testsuite> <!-- Day43.child.LoginTest -->
