<?xml version="1.0" encoding="UTF-8"?>
<!-- Generated by org.testng.reporters.JUnitReportReporter -->
<testsuite hostname="DESKTOP-I46GJ42" failures="0" tests="2" name="Day43.Class_annotation" time="0.035" errors="0" timestamp="2025-08-05T19:03:51 IST" skipped="0">
  <testcase classname="Day43.Class_annotation" name="search" time="0.032"/>
  <testcase classname="Day43.Class_annotation" name="Advan_search" time="0.003"/>
</testsuite> <!-- Day43.Class_annotation -->
