<?xml version="1.0" encoding="UTF-8"?>
<!-- Generated by org.testng.reporters.JUnitReportReporter -->
<testsuite hostname="DESKTOP-I46GJ42" failures="0" tests="3" name="Day42.DropDown" time="14.959" errors="0" timestamp="2025-08-05T00:34:38 IST" skipped="0">
  <testcase classname="Day42.DropDown" name="lunchbrowser" time="6.101"/>
  <testcase classname="Day42.DropDown" name="dropdown" time="4.960"/>
  <testcase classname="Day42.DropDown" name="close" time="3.898"/>
</testsuite> <!-- Day42.DropDown -->
