<?xml version="1.0" encoding="UTF-8"?>
<!-- Generated by org.testng.reporters.JUnitReportReporter -->
<testsuite hostname="DESKTOP-I46GJ42" failures="0" tests="2" name="Day43.Test_anno_c1" time="16.212" errors="0" timestamp="2025-08-07T22:34:58 IST" skipped="0">
  <testcase classname="Day43.Test_anno_c1" name="searchele" time="9.719"/>
  <testcase classname="Day43.Test_anno_c1" name="searchele" time="6.493"/>
</testsuite> <!-- Day43.Test_anno_c1 -->
