<?xml version="1.0" encoding="UTF-8"?>
<!-- Generated by org.testng.reporters.JUnitReportReporter -->
<testsuite hostname="DESKTOP-I46GJ42" failures="0" tests="2" name="Day43.child.Paymentsoption" time="0.004" errors="0" timestamp="2025-08-06T02:14:10 IST" skipped="0">
  <testcase classname="Day43.child.Paymentsoption" name="paybyFacelook" time="0.002"/>
  <testcase classname="Day43.child.Paymentsoption" name="PayByFingerfrint" time="0.002"/>
</testsuite> <!-- Day43.child.Paymentsoption -->
