<?xml version="1.0" encoding="UTF-8"?>
<!-- Generated by org.testng.reporters.JUnitReportReporter -->
<testsuite hostname="DESKTOP-I46GJ42" failures="0" tests="2" name="testCases.TC001_AccountRegistrationTest" time="43.468" errors="0" timestamp="2025-08-31T00:59:59 IST" skipped="0">
  <testcase classname="testCases.TC001_AccountRegistrationTest" name="verify_account_registration" time="22.240"/>
  <testcase classname="testCases.TC001_AccountRegistrationTest" name="verify_account_registration" time="21.228"/>
</testsuite> <!-- testCases.TC001_AccountRegistrationTest -->
