<?xml version="1.0" encoding="UTF-8"?>
<!-- Generated by org.testng.reporters.JUnitReportReporter -->
<testsuite hostname="DESKTOP-I46GJ42" failures="0" tests="11" name="testCases.TC003_LoginDDT" time="38.921" errors="0" timestamp="2025-08-29T19:45:29 IST" skipped="0">
  <testcase classname="testCases.TC003_LoginDDT" name="verify_LoginDDT" time="3.191"/>
  <testcase classname="testCases.TC003_LoginDDT" name="verify_LoginDDT" time="2.188"/>
  <testcase classname="testCases.TC003_LoginDDT" name="verify_LoginDDT" time="4.502"/>
  <testcase classname="testCases.TC003_LoginDDT" name="verify_LoginDDT" time="4.025"/>
  <testcase classname="testCases.TC003_LoginDDT" name="verify_LoginDDT" time="1.815"/>
  <testcase classname="testCases.TC003_LoginDDT" name="verify_LoginDDT" time="4.517"/>
  <testcase classname="testCases.TC003_LoginDDT" name="verify_LoginDDT" time="2.759"/>
  <testcase classname="testCases.TC003_LoginDDT" name="verify_LoginDDT" time="3.941"/>
  <testcase classname="testCases.TC003_LoginDDT" name="verify_LoginDDT" time="4.157"/>
  <testcase classname="testCases.TC003_LoginDDT" name="verify_LoginDDT" time="3.946"/>
  <testcase classname="testCases.TC003_LoginDDT" name="verify_LoginDDT" time="3.880"/>
</testsuite> <!-- testCases.TC003_LoginDDT -->
