<?xml version="1.0" encoding="UTF-8"?>
<!-- Generated by org.testng.reporters.JUnitReportReporter -->
<testsuite hostname="DESKTOP-I46GJ42" failures="0" tests="6" name="Day45.Parallel_exexecution" time="0.266" errors="0" timestamp="2025-08-07T00:29:03 IST" skipped="0">
  <testcase classname="Day45.Parallel_exexecution" name="TextURL" time="0.010"/>
  <testcase classname="Day45.Parallel_exexecution" name="TextURL" time="0.018"/>
  <testcase classname="Day45.Parallel_exexecution" name="TestLogo" time="0.120"/>
  <testcase classname="Day45.Parallel_exexecution" name="TestTittle" time="0.025"/>
  <testcase classname="Day45.Parallel_exexecution" name="TestTittle" time="0.016"/>
  <testcase classname="Day45.Parallel_exexecution" name="TestLogo" time="0.077"/>
</testsuite> <!-- Day45.Parallel_exexecution -->
